2021-07-17T17:40:13.822+0800	[35mDEBUG[0m	WebSocket connecting...
2021-07-17T17:40:13.869+0800	[35mDEBUG[0m	WebSocket connecting...
2021-07-17T17:40:14.909+0800	[34mINFO[0m	WebSocket connected
2021-07-17T17:40:14.909+0800	[34mINFO[0m	WebSocket sent authentication
2021-07-17T17:40:14.946+0800	[35mDEBUG[0m	tickerLoop started
2021-07-17T17:40:14.968+0800	[35mDEBUG[0m	readLoop started
2021-07-17T17:40:15.034+0800	[34mINFO[0m	WebSocket connected
2021-07-17T17:40:15.035+0800	[34mINFO[0m	WebSocket sent authentication
2021-07-17T17:40:15.035+0800	[35mDEBUG[0m	tickerLoop started
2021-07-17T17:40:15.053+0800	[35mDEBUG[0m	readLoop started
2021-07-17T17:40:15.281+0800	[34mINFO[0m	WebSocket subscribed, channel=trade.clearing#dashusdt, clientId=1626514813
2021-07-17T17:40:15.390+0800	[34mINFO[0m	WebSocket subscribed, channel=orders#dashusdt, clientId=1626514813
2021-07-17T17:40:15.709+0800	[34mINFO[0m	Subscription TradeClear topic trade.clearing#dashusdt successfully
2021-07-17T17:40:19.917+0800	[35mDEBUG[0m	WebSocket received data 4.208158 sec ago
2021-07-17T17:40:20.039+0800	[35mDEBUG[0m	WebSocket received data 4.246376 sec ago
2021-07-17T17:40:24.918+0800	[35mDEBUG[0m	WebSocket received data 9.209050 sec ago
2021-07-17T17:40:25.044+0800	[35mDEBUG[0m	WebSocket received data 9.251658 sec ago
2021-07-17T17:40:29.069+0800	[35mDEBUG[0m	Received Ping: 1626514829012
2021-07-17T17:40:29.070+0800	[35mDEBUG[0m	Respond  Pong: 1626514829012
2021-07-17T17:40:29.910+0800	[35mDEBUG[0m	WebSocket received data 0.841668 sec ago
2021-07-17T17:40:30.072+0800	[35mDEBUG[0m	WebSocket received data 14.279374 sec ago
2021-07-17T17:40:31.056+0800	[35mDEBUG[0m	Received Ping: 1626514831003
2021-07-17T17:40:31.056+0800	[35mDEBUG[0m	Respond  Pong: 1626514831003
2021-07-17T17:40:34.910+0800	[35mDEBUG[0m	WebSocket received data 5.840961 sec ago
2021-07-17T17:40:35.036+0800	[35mDEBUG[0m	WebSocket received data 3.979800 sec ago
2021-07-17T17:40:39.911+0800	[35mDEBUG[0m	WebSocket received data 10.842439 sec ago
2021-07-17T17:40:40.040+0800	[35mDEBUG[0m	WebSocket received data 8.984130 sec ago
2021-07-17T17:40:44.919+0800	[35mDEBUG[0m	WebSocket received data 15.849828 sec ago
2021-07-17T17:40:45.051+0800	[35mDEBUG[0m	WebSocket received data 13.994696 sec ago
2021-07-17T17:40:49.542+0800	[35mDEBUG[0m	Received Ping: 1626514849013
2021-07-17T17:40:49.542+0800	[35mDEBUG[0m	Respond  Pong: 1626514849013
2021-07-17T17:40:49.925+0800	[35mDEBUG[0m	WebSocket received data 0.383079 sec ago
2021-07-17T17:40:50.056+0800	[35mDEBUG[0m	WebSocket received data 18.999072 sec ago
2021-07-17T17:41:04.119+0800	[35mDEBUG[0m	Received Ping: 1626514851003
2021-07-17T17:41:04.119+0800	[35mDEBUG[0m	Respond  Pong: 1626514851003
2021-07-17T17:41:08.533+0800	[35mDEBUG[0m	WebSocket received data 18.991575 sec ago
2021-07-17T17:41:08.534+0800	[35mDEBUG[0m	WebSocket received data 18.991817 sec ago
2021-07-17T17:41:08.534+0800	[35mDEBUG[0m	WebSocket received data 4.415020 sec ago
2021-07-17T17:41:08.534+0800	[35mDEBUG[0m	WebSocket received data 4.415082 sec ago
2021-07-17T17:41:09.092+0800	[35mDEBUG[0m	Received Ping: 1626514869012
2021-07-17T17:41:09.092+0800	[35mDEBUG[0m	Respond  Pong: 1626514869012
2021-07-17T17:41:09.913+0800	[35mDEBUG[0m	WebSocket received data 0.821067 sec ago
2021-07-17T17:41:10.044+0800	[35mDEBUG[0m	WebSocket received data 5.925111 sec ago
2021-07-17T17:41:11.075+0800	[35mDEBUG[0m	Received Ping: 1626514871003
2021-07-17T17:41:11.075+0800	[35mDEBUG[0m	Respond  Pong: 1626514871003
2021-07-17T17:41:14.927+0800	[35mDEBUG[0m	WebSocket received data 5.834906 sec ago
2021-07-17T17:41:15.087+0800	[35mDEBUG[0m	WebSocket received data 4.012142 sec ago
2021-07-17T17:41:19.940+0800	[35mDEBUG[0m	WebSocket received data 10.847414 sec ago
2021-07-17T17:41:20.039+0800	[35mDEBUG[0m	WebSocket received data 8.964125 sec ago
2021-07-17T17:41:24.918+0800	[35mDEBUG[0m	WebSocket received data 15.825831 sec ago
2021-07-17T17:41:25.053+0800	[35mDEBUG[0m	WebSocket received data 13.977824 sec ago
2021-07-17T17:41:29.067+0800	[35mDEBUG[0m	Received Ping: 1626514889012
2021-07-17T17:41:29.067+0800	[35mDEBUG[0m	Respond  Pong: 1626514889012
2021-07-17T17:41:29.912+0800	[35mDEBUG[0m	WebSocket received data 0.844699 sec ago
2021-07-17T17:41:30.039+0800	[35mDEBUG[0m	WebSocket received data 18.964020 sec ago
2021-07-17T17:41:31.059+0800	[35mDEBUG[0m	Received Ping: 1626514891003
2021-07-17T17:41:31.059+0800	[35mDEBUG[0m	Respond  Pong: 1626514891003
2021-07-17T17:41:34.915+0800	[35mDEBUG[0m	WebSocket received data 5.847841 sec ago
2021-07-17T17:41:35.043+0800	[35mDEBUG[0m	WebSocket received data 3.984375 sec ago
2021-07-17T17:41:39.919+0800	[35mDEBUG[0m	WebSocket received data 10.851383 sec ago
2021-07-17T17:41:40.052+0800	[35mDEBUG[0m	WebSocket received data 8.993756 sec ago
2021-07-17T17:41:44.938+0800	[35mDEBUG[0m	WebSocket received data 15.870235 sec ago
2021-07-17T17:41:45.059+0800	[35mDEBUG[0m	WebSocket received data 14.000001 sec ago
2021-07-17T17:41:49.070+0800	[35mDEBUG[0m	Received Ping: 1626514909012
2021-07-17T17:41:49.071+0800	[35mDEBUG[0m	Respond  Pong: 1626514909012
2021-07-17T17:41:49.918+0800	[35mDEBUG[0m	WebSocket received data 0.848870 sec ago
2021-07-17T17:41:50.054+0800	[35mDEBUG[0m	WebSocket received data 18.994732 sec ago
2021-07-17T17:41:51.103+0800	[35mDEBUG[0m	Received Ping: 1626514911003
2021-07-17T17:41:51.107+0800	[35mDEBUG[0m	Respond  Pong: 1626514911003
2021-07-17T17:41:54.914+0800	[35mDEBUG[0m	WebSocket received data 5.843561 sec ago
2021-07-17T17:41:55.048+0800	[35mDEBUG[0m	WebSocket received data 3.944919 sec ago
2021-07-17T17:41:59.933+0800	[35mDEBUG[0m	WebSocket received data 10.863387 sec ago
2021-07-17T17:42:00.052+0800	[35mDEBUG[0m	WebSocket received data 8.948431 sec ago
2021-07-17T17:42:04.935+0800	[35mDEBUG[0m	WebSocket received data 15.865117 sec ago
2021-07-17T17:42:05.074+0800	[35mDEBUG[0m	WebSocket received data 13.969816 sec ago
2021-07-17T17:42:09.133+0800	[35mDEBUG[0m	Received Ping: 1626514929012
2021-07-17T17:42:09.133+0800	[35mDEBUG[0m	Respond  Pong: 1626514929012
2021-07-17T17:42:09.927+0800	[35mDEBUG[0m	WebSocket received data 0.794571 sec ago
2021-07-17T17:42:10.066+0800	[35mDEBUG[0m	WebSocket received data 18.962051 sec ago
2021-07-17T17:42:11.082+0800	[35mDEBUG[0m	Received Ping: 1626514931003
2021-07-17T17:42:11.083+0800	[35mDEBUG[0m	Respond  Pong: 1626514931003
2021-07-17T17:42:14.948+0800	[35mDEBUG[0m	WebSocket received data 5.815728 sec ago
2021-07-17T17:42:15.038+0800	[35mDEBUG[0m	WebSocket received data 3.956630 sec ago
2021-07-17T17:42:19.964+0800	[35mDEBUG[0m	WebSocket received data 10.831233 sec ago
2021-07-17T17:42:20.048+0800	[35mDEBUG[0m	WebSocket received data 8.966510 sec ago
2021-07-17T17:42:24.916+0800	[35mDEBUG[0m	WebSocket received data 15.783580 sec ago
2021-07-17T17:42:25.070+0800	[35mDEBUG[0m	WebSocket received data 13.988351 sec ago
2021-07-17T17:42:29.076+0800	[35mDEBUG[0m	Received Ping: 1626514949012
2021-07-17T17:42:29.077+0800	[35mDEBUG[0m	Respond  Pong: 1626514949012
2021-07-17T17:42:29.937+0800	[35mDEBUG[0m	WebSocket received data 0.861323 sec ago
2021-07-17T17:42:30.040+0800	[35mDEBUG[0m	WebSocket received data 18.958362 sec ago
2021-07-17T17:42:31.070+0800	[35mDEBUG[0m	Received Ping: 1626514951003
2021-07-17T17:42:31.070+0800	[35mDEBUG[0m	Respond  Pong: 1626514951003
2021-07-17T17:42:34.918+0800	[35mDEBUG[0m	WebSocket received data 5.842342 sec ago
2021-07-17T17:42:35.057+0800	[35mDEBUG[0m	WebSocket received data 3.986714 sec ago
2021-07-17T17:42:39.930+0800	[35mDEBUG[0m	WebSocket received data 10.853451 sec ago
2021-07-17T17:42:40.063+0800	[35mDEBUG[0m	WebSocket received data 8.993560 sec ago
2021-07-17T17:42:44.913+0800	[35mDEBUG[0m	WebSocket received data 15.837235 sec ago
2021-07-17T17:42:45.066+0800	[35mDEBUG[0m	WebSocket received data 13.995843 sec ago
2021-07-17T17:42:49.101+0800	[35mDEBUG[0m	Received Ping: 1626514969012
2021-07-17T17:42:49.102+0800	[35mDEBUG[0m	Respond  Pong: 1626514969012
2021-07-17T17:42:49.912+0800	[35mDEBUG[0m	WebSocket received data 0.811032 sec ago
2021-07-17T17:42:50.053+0800	[35mDEBUG[0m	WebSocket received data 18.982517 sec ago
2021-07-17T17:42:51.074+0800	[35mDEBUG[0m	Received Ping: 1626514971003
2021-07-17T17:42:51.075+0800	[35mDEBUG[0m	Respond  Pong: 1626514971003
2021-07-17T17:42:54.973+0800	[35mDEBUG[0m	WebSocket received data 5.871910 sec ago
2021-07-17T17:42:55.071+0800	[35mDEBUG[0m	WebSocket received data 3.996864 sec ago
2021-07-17T17:42:59.912+0800	[35mDEBUG[0m	WebSocket received data 10.810920 sec ago
2021-07-17T17:43:00.040+0800	[35mDEBUG[0m	WebSocket received data 8.965747 sec ago
2021-07-17T17:43:04.915+0800	[35mDEBUG[0m	WebSocket received data 15.813455 sec ago
2021-07-17T17:43:05.038+0800	[35mDEBUG[0m	WebSocket received data 13.963711 sec ago
2021-07-17T17:43:09.927+0800	[35mDEBUG[0m	WebSocket received data 20.825095 sec ago
2021-07-17T17:43:10.042+0800	[35mDEBUG[0m	WebSocket received data 18.967803 sec ago
2021-07-17T17:43:11.843+0800	[35mDEBUG[0m	Received Ping: 1626514991003
2021-07-17T17:43:11.843+0800	[35mDEBUG[0m	Respond  Pong: 1626514991003
2021-07-17T17:43:11.843+0800	[35mDEBUG[0m	Received Ping: 1626514989012
2021-07-17T17:43:11.843+0800	[35mDEBUG[0m	Respond  Pong: 1626514989012
2021-07-17T17:43:14.927+0800	[35mDEBUG[0m	WebSocket received data 3.083789 sec ago
2021-07-17T17:43:15.058+0800	[35mDEBUG[0m	WebSocket received data 3.214936 sec ago
2021-07-17T17:43:19.912+0800	[35mDEBUG[0m	WebSocket received data 8.068903 sec ago
2021-07-17T17:43:20.038+0800	[35mDEBUG[0m	WebSocket received data 8.194735 sec ago
2021-07-17T17:43:24.931+0800	[35mDEBUG[0m	WebSocket received data 13.088031 sec ago
2021-07-17T17:43:25.052+0800	[35mDEBUG[0m	WebSocket received data 13.209437 sec ago
2021-07-17T17:43:29.064+0800	[35mDEBUG[0m	Received Ping: 1626515009012
2021-07-17T17:43:29.073+0800	[35mDEBUG[0m	Respond  Pong: 1626515009012
2021-07-17T17:43:29.928+0800	[35mDEBUG[0m	WebSocket received data 0.862936 sec ago
2021-07-17T17:43:30.051+0800	[35mDEBUG[0m	WebSocket received data 18.200757 sec ago
2021-07-17T17:43:31.062+0800	[35mDEBUG[0m	Received Ping: 1626515011003
2021-07-17T17:43:31.063+0800	[35mDEBUG[0m	Respond  Pong: 1626515011003
2021-07-17T17:43:34.915+0800	[35mDEBUG[0m	WebSocket received data 5.850330 sec ago
2021-07-17T17:43:35.044+0800	[35mDEBUG[0m	WebSocket received data 3.982813 sec ago
2021-07-17T17:43:39.921+0800	[35mDEBUG[0m	WebSocket received data 10.856195 sec ago
2021-07-17T17:43:40.043+0800	[35mDEBUG[0m	WebSocket received data 8.980871 sec ago
2021-07-17T17:43:44.920+0800	[35mDEBUG[0m	WebSocket received data 15.854797 sec ago
2021-07-17T17:43:45.046+0800	[35mDEBUG[0m	WebSocket received data 13.983793 sec ago
2021-07-17T17:43:49.064+0800	[35mDEBUG[0m	Received Ping: 1626515029012
2021-07-17T17:43:49.065+0800	[35mDEBUG[0m	Respond  Pong: 1626515029012
2021-07-17T17:43:49.913+0800	[35mDEBUG[0m	WebSocket received data 0.849005 sec ago
2021-07-17T17:43:50.049+0800	[35mDEBUG[0m	WebSocket received data 18.987571 sec ago
2021-07-17T17:43:51.058+0800	[35mDEBUG[0m	Received Ping: 1626515031003
2021-07-17T17:43:51.059+0800	[35mDEBUG[0m	Respond  Pong: 1626515031003
2021-07-17T17:43:54.918+0800	[35mDEBUG[0m	WebSocket received data 5.853759 sec ago
2021-07-17T17:43:55.046+0800	[35mDEBUG[0m	WebSocket received data 3.987540 sec ago
2021-07-17T17:43:59.914+0800	[35mDEBUG[0m	WebSocket received data 10.849698 sec ago
2021-07-17T17:44:00.039+0800	[35mDEBUG[0m	WebSocket received data 8.980439 sec ago
2021-07-17T17:44:04.930+0800	[35mDEBUG[0m	WebSocket received data 15.865367 sec ago
2021-07-17T17:44:05.060+0800	[35mDEBUG[0m	WebSocket received data 14.002102 sec ago
2021-07-17T17:44:09.065+0800	[35mDEBUG[0m	Received Ping: 1626515049012
2021-07-17T17:44:09.065+0800	[35mDEBUG[0m	Respond  Pong: 1626515049012
2021-07-17T17:44:09.913+0800	[35mDEBUG[0m	WebSocket received data 0.848172 sec ago
2021-07-17T17:44:10.049+0800	[35mDEBUG[0m	WebSocket received data 18.990524 sec ago
2021-07-17T17:44:11.091+0800	[35mDEBUG[0m	Received Ping: 1626515051003
2021-07-17T17:44:11.093+0800	[35mDEBUG[0m	Respond  Pong: 1626515051003
2021-07-17T17:44:14.915+0800	[35mDEBUG[0m	WebSocket received data 5.850040 sec ago
2021-07-17T17:44:15.042+0800	[35mDEBUG[0m	WebSocket received data 3.950777 sec ago
2021-07-17T17:44:19.915+0800	[35mDEBUG[0m	WebSocket received data 10.850694 sec ago
2021-07-17T17:44:20.041+0800	[35mDEBUG[0m	WebSocket received data 8.949525 sec ago
2021-07-17T17:44:24.915+0800	[35mDEBUG[0m	WebSocket received data 15.850172 sec ago
2021-07-17T17:44:25.047+0800	[35mDEBUG[0m	WebSocket received data 13.955142 sec ago
2021-07-17T17:44:29.064+0800	[35mDEBUG[0m	Received Ping: 1626515069012
2021-07-17T17:44:29.100+0800	[35mDEBUG[0m	Respond  Pong: 1626515069012
2021-07-17T17:44:29.913+0800	[35mDEBUG[0m	WebSocket received data 0.849631 sec ago
2021-07-17T17:44:30.040+0800	[35mDEBUG[0m	WebSocket received data 18.948973 sec ago
2021-07-17T17:44:31.088+0800	[35mDEBUG[0m	Received Ping: 1626515071003
2021-07-17T17:44:31.089+0800	[35mDEBUG[0m	Respond  Pong: 1626515071003
2021-07-17T17:44:34.915+0800	[35mDEBUG[0m	WebSocket received data 5.851438 sec ago
2021-07-17T17:44:35.086+0800	[35mDEBUG[0m	WebSocket received data 3.997704 sec ago
2021-07-17T17:44:39.925+0800	[35mDEBUG[0m	WebSocket received data 10.861020 sec ago
2021-07-17T17:44:40.079+0800	[35mDEBUG[0m	WebSocket received data 8.990845 sec ago
2021-07-17T17:44:44.914+0800	[35mDEBUG[0m	WebSocket received data 15.850119 sec ago
2021-07-17T17:44:45.151+0800	[35mDEBUG[0m	WebSocket received data 14.062463 sec ago
2021-07-17T17:44:49.067+0800	[35mDEBUG[0m	Received Ping: 1626515089012
2021-07-17T17:44:49.067+0800	[35mDEBUG[0m	Respond  Pong: 1626515089012
2021-07-17T17:44:50.100+0800	[35mDEBUG[0m	WebSocket received data 19.011737 sec ago
2021-07-17T17:44:50.101+0800	[35mDEBUG[0m	WebSocket received data 1.034059 sec ago
2021-07-17T17:44:51.058+0800	[35mDEBUG[0m	Received Ping: 1626515091003
2021-07-17T17:44:51.059+0800	[35mDEBUG[0m	Respond  Pong: 1626515091003
2021-07-17T17:44:54.924+0800	[35mDEBUG[0m	WebSocket received data 5.857754 sec ago
2021-07-17T17:44:55.064+0800	[35mDEBUG[0m	WebSocket received data 4.005192 sec ago
2021-07-17T17:44:59.918+0800	[35mDEBUG[0m	WebSocket received data 10.851368 sec ago
2021-07-17T17:45:00.046+0800	[35mDEBUG[0m	WebSocket received data 8.988018 sec ago
2021-07-17T17:45:04.950+0800	[35mDEBUG[0m	WebSocket received data 15.882703 sec ago
2021-07-17T17:45:05.078+0800	[35mDEBUG[0m	WebSocket received data 14.020052 sec ago
2021-07-17T17:45:09.069+0800	[35mDEBUG[0m	Received Ping: 1626515109012
2021-07-17T17:45:09.072+0800	[35mDEBUG[0m	Respond  Pong: 1626515109012
2021-07-17T17:45:09.933+0800	[35mDEBUG[0m	WebSocket received data 0.865840 sec ago
2021-07-17T17:45:10.056+0800	[35mDEBUG[0m	WebSocket received data 18.997456 sec ago
2021-07-17T17:45:11.073+0800	[35mDEBUG[0m	Received Ping: 1626515111003
2021-07-17T17:45:11.073+0800	[35mDEBUG[0m	Respond  Pong: 1626515111003
2021-07-17T17:45:14.928+0800	[35mDEBUG[0m	WebSocket received data 5.860927 sec ago
2021-07-17T17:45:15.077+0800	[35mDEBUG[0m	WebSocket received data 4.003992 sec ago
2021-07-17T17:45:19.946+0800	[35mDEBUG[0m	WebSocket received data 10.878688 sec ago
2021-07-17T17:45:20.048+0800	[35mDEBUG[0m	WebSocket received data 8.975044 sec ago
2021-07-17T17:45:24.919+0800	[35mDEBUG[0m	WebSocket received data 15.851015 sec ago
2021-07-17T17:45:25.054+0800	[35mDEBUG[0m	WebSocket received data 13.981106 sec ago
2021-07-17T17:45:29.069+0800	[35mDEBUG[0m	Received Ping: 1626515129012
2021-07-17T17:45:29.070+0800	[35mDEBUG[0m	Respond  Pong: 1626515129012
2021-07-17T17:45:29.939+0800	[35mDEBUG[0m	WebSocket received data 0.869576 sec ago
2021-07-17T17:45:30.153+0800	[35mDEBUG[0m	WebSocket received data 19.079795 sec ago
2021-07-17T17:45:31.116+0800	[35mDEBUG[0m	Received Ping: 1626515131003
2021-07-17T17:45:31.152+0800	[35mDEBUG[0m	Respond  Pong: 1626515131003
2021-07-17T17:45:35.075+0800	[35mDEBUG[0m	WebSocket received data 3.958938 sec ago
2021-07-17T17:45:35.076+0800	[35mDEBUG[0m	WebSocket received data 6.006235 sec ago
2021-07-17T17:45:39.925+0800	[35mDEBUG[0m	WebSocket received data 10.855677 sec ago
2021-07-17T17:45:40.040+0800	[35mDEBUG[0m	WebSocket received data 8.922985 sec ago
2021-07-17T17:45:44.915+0800	[35mDEBUG[0m	WebSocket received data 15.845853 sec ago
2021-07-17T17:45:45.062+0800	[35mDEBUG[0m	WebSocket received data 13.945790 sec ago
2021-07-17T17:45:49.068+0800	[35mDEBUG[0m	Received Ping: 1626515149012
2021-07-17T17:45:49.070+0800	[35mDEBUG[0m	Respond  Pong: 1626515149012
2021-07-17T17:45:49.919+0800	[35mDEBUG[0m	WebSocket received data 0.851821 sec ago
2021-07-17T17:45:50.040+0800	[35mDEBUG[0m	WebSocket received data 18.923118 sec ago
2021-07-17T17:45:51.061+0800	[35mDEBUG[0m	Received Ping: 1626515151003
2021-07-17T17:45:51.061+0800	[35mDEBUG[0m	Respond  Pong: 1626515151003
2021-07-17T17:45:54.917+0800	[35mDEBUG[0m	WebSocket received data 5.849559 sec ago
2021-07-17T17:45:55.060+0800	[35mDEBUG[0m	WebSocket received data 3.999517 sec ago
2021-07-17T17:45:59.985+0800	[35mDEBUG[0m	WebSocket received data 10.851289 sec ago
2021-07-17T17:46:00.064+0800	[35mDEBUG[0m	WebSocket received data 9.003430 sec ago
2021-07-17T17:46:04.914+0800	[35mDEBUG[0m	WebSocket received data 15.846640 sec ago
2021-07-17T17:46:05.057+0800	[35mDEBUG[0m	WebSocket received data 13.995518 sec ago
2021-07-17T17:46:09.146+0800	[35mDEBUG[0m	Received Ping: 1626515169012
2021-07-17T17:46:09.229+0800	[35mDEBUG[0m	Respond  Pong: 1626515169012
2021-07-17T17:46:09.917+0800	[35mDEBUG[0m	WebSocket received data 0.770523 sec ago
2021-07-17T17:46:10.043+0800	[35mDEBUG[0m	WebSocket received data 18.982297 sec ago
2021-07-17T17:46:11.066+0800	[35mDEBUG[0m	Received Ping: 1626515171003
2021-07-17T17:46:11.067+0800	[35mDEBUG[0m	Respond  Pong: 1626515171003
2021-07-17T17:46:14.923+0800	[35mDEBUG[0m	WebSocket received data 5.777275 sec ago
2021-07-17T17:46:15.096+0800	[35mDEBUG[0m	WebSocket received data 3.990582 sec ago
2021-07-17T17:46:19.921+0800	[35mDEBUG[0m	WebSocket received data 10.774775 sec ago
2021-07-17T17:46:20.047+0800	[35mDEBUG[0m	WebSocket received data 8.981161 sec ago
2021-07-17T17:46:25.110+0800	[35mDEBUG[0m	WebSocket received data 14.043522 sec ago
2021-07-17T17:46:25.111+0800	[35mDEBUG[0m	WebSocket received data 15.964440 sec ago
2021-07-17T17:46:29.066+0800	[35mDEBUG[0m	Received Ping: 1626515189012
2021-07-17T17:46:29.066+0800	[35mDEBUG[0m	Respond  Pong: 1626515189012
2021-07-17T17:46:29.930+0800	[35mDEBUG[0m	WebSocket received data 0.864575 sec ago
2021-07-17T17:46:30.046+0800	[35mDEBUG[0m	WebSocket received data 18.979845 sec ago
2021-07-17T17:46:31.064+0800	[35mDEBUG[0m	Received Ping: 1626515191003
2021-07-17T17:46:31.148+0800	[35mDEBUG[0m	Respond  Pong: 1626515191003
2021-07-17T17:46:35.387+0800	[35mDEBUG[0m	WebSocket received data 4.323001 sec ago
2021-07-17T17:46:35.387+0800	[35mDEBUG[0m	WebSocket received data 6.322307 sec ago
2021-07-17T17:46:39.941+0800	[35mDEBUG[0m	WebSocket received data 10.876007 sec ago
2021-07-17T17:46:40.040+0800	[35mDEBUG[0m	WebSocket received data 8.976281 sec ago
2021-07-17T17:46:44.917+0800	[35mDEBUG[0m	WebSocket received data 15.851628 sec ago
2021-07-17T17:46:45.042+0800	[35mDEBUG[0m	WebSocket received data 13.977581 sec ago
2021-07-17T17:46:49.071+0800	[35mDEBUG[0m	Received Ping: 1626515209012
2021-07-17T17:46:49.073+0800	[35mDEBUG[0m	Respond  Pong: 1626515209012
2021-07-17T17:46:49.922+0800	[35mDEBUG[0m	WebSocket received data 0.852026 sec ago
2021-07-17T17:46:50.045+0800	[35mDEBUG[0m	WebSocket received data 18.980795 sec ago
2021-07-17T17:46:51.074+0800	[35mDEBUG[0m	Received Ping: 1626515211003
2021-07-17T17:46:51.074+0800	[35mDEBUG[0m	Respond  Pong: 1626515211003
2021-07-17T17:46:54.987+0800	[35mDEBUG[0m	WebSocket received data 5.916907 sec ago
2021-07-17T17:46:55.081+0800	[35mDEBUG[0m	WebSocket received data 4.007049 sec ago
2021-07-17T17:46:59.918+0800	[35mDEBUG[0m	WebSocket received data 10.847124 sec ago
2021-07-17T17:47:00.051+0800	[35mDEBUG[0m	WebSocket received data 8.976727 sec ago
2021-07-17T17:47:04.929+0800	[35mDEBUG[0m	WebSocket received data 15.858261 sec ago
2021-07-17T17:47:05.056+0800	[35mDEBUG[0m	WebSocket received data 13.982096 sec ago
2021-07-17T17:47:09.067+0800	[35mDEBUG[0m	Received Ping: 1626515229012
2021-07-17T17:47:09.068+0800	[35mDEBUG[0m	Respond  Pong: 1626515229012
2021-07-17T17:47:09.935+0800	[35mDEBUG[0m	WebSocket received data 0.867790 sec ago
2021-07-17T17:47:10.054+0800	[35mDEBUG[0m	WebSocket received data 18.979627 sec ago
2021-07-17T17:47:11.062+0800	[35mDEBUG[0m	Received Ping: 1626515231003
2021-07-17T17:47:11.063+0800	[35mDEBUG[0m	Respond  Pong: 1626515231003
2021-07-17T17:47:16.346+0800	[35mDEBUG[0m	WebSocket received data 5.284255 sec ago
2021-07-17T17:47:16.346+0800	[35mDEBUG[0m	WebSocket received data 7.279047 sec ago
2021-07-17T17:47:19.943+0800	[35mDEBUG[0m	WebSocket received data 10.873211 sec ago
2021-07-17T17:47:20.053+0800	[35mDEBUG[0m	WebSocket received data 8.991359 sec ago
2021-07-17T17:47:24.931+0800	[35mDEBUG[0m	WebSocket received data 15.862942 sec ago
2021-07-17T17:47:25.089+0800	[35mDEBUG[0m	WebSocket received data 14.026400 sec ago
2021-07-17T17:47:29.070+0800	[35mDEBUG[0m	Received Ping: 1626515249012
2021-07-17T17:47:29.070+0800	[35mDEBUG[0m	Respond  Pong: 1626515249012
2021-07-17T17:47:29.919+0800	[35mDEBUG[0m	WebSocket received data 0.849163 sec ago
2021-07-17T17:47:30.052+0800	[35mDEBUG[0m	WebSocket received data 18.989387 sec ago
2021-07-17T17:47:31.409+0800	[35mDEBUG[0m	Received Ping: 1626515251003
2021-07-17T17:47:31.411+0800	[35mDEBUG[0m	Respond  Pong: 1626515251003
2021-07-17T17:47:34.919+0800	[35mDEBUG[0m	WebSocket received data 5.848845 sec ago
2021-07-17T17:47:35.043+0800	[35mDEBUG[0m	WebSocket received data 3.634420 sec ago
2021-07-17T17:47:39.934+0800	[35mDEBUG[0m	WebSocket received data 10.864348 sec ago
2021-07-17T17:47:40.052+0800	[35mDEBUG[0m	WebSocket received data 8.643128 sec ago
2021-07-17T17:47:46.654+0800	[35mDEBUG[0m	WebSocket received data 15.244625 sec ago
2021-07-17T17:47:46.655+0800	[35mDEBUG[0m	WebSocket received data 17.584641 sec ago
2021-07-17T17:47:49.132+0800	[35mDEBUG[0m	Received Ping: 1626515269012
2021-07-17T17:47:49.133+0800	[35mDEBUG[0m	Respond  Pong: 1626515269012
2021-07-17T17:47:49.923+0800	[35mDEBUG[0m	WebSocket received data 0.791128 sec ago
2021-07-17T17:47:50.054+0800	[35mDEBUG[0m	WebSocket received data 18.645286 sec ago
2021-07-17T17:47:51.059+0800	[35mDEBUG[0m	Received Ping: 1626515271003
2021-07-17T17:47:51.061+0800	[35mDEBUG[0m	Respond  Pong: 1626515271003
2021-07-17T17:47:54.933+0800	[35mDEBUG[0m	WebSocket received data 5.801641 sec ago
2021-07-17T17:47:55.121+0800	[35mDEBUG[0m	WebSocket received data 4.062003 sec ago
2021-07-17T17:48:02.208+0800	[35mDEBUG[0m	WebSocket received data 11.148710 sec ago
2021-07-17T17:48:02.208+0800	[35mDEBUG[0m	WebSocket received data 13.075843 sec ago
2021-07-17T17:48:04.917+0800	[35mDEBUG[0m	WebSocket received data 15.785193 sec ago
2021-07-17T17:48:05.065+0800	[35mDEBUG[0m	WebSocket received data 14.006536 sec ago
2021-07-17T17:48:09.097+0800	[35mDEBUG[0m	Received Ping: 1626515289012
2021-07-17T17:48:09.098+0800	[35mDEBUG[0m	Respond  Pong: 1626515289012
2021-07-17T17:48:09.924+0800	[35mDEBUG[0m	WebSocket received data 0.827031 sec ago
2021-07-17T17:48:10.042+0800	[35mDEBUG[0m	WebSocket received data 18.983435 sec ago
2021-07-17T17:48:11.062+0800	[35mDEBUG[0m	Received Ping: 1626515291003
2021-07-17T17:48:11.069+0800	[35mDEBUG[0m	Respond  Pong: 1626515291003
2021-07-17T17:48:14.931+0800	[35mDEBUG[0m	WebSocket received data 5.833486 sec ago
2021-07-17T17:48:15.045+0800	[35mDEBUG[0m	WebSocket received data 3.982815 sec ago
2021-07-17T17:48:19.966+0800	[35mDEBUG[0m	WebSocket received data 10.868730 sec ago
2021-07-17T17:48:20.065+0800	[35mDEBUG[0m	WebSocket received data 9.002871 sec ago
2021-07-17T17:48:24.917+0800	[35mDEBUG[0m	WebSocket received data 15.819691 sec ago
2021-07-17T17:48:25.045+0800	[35mDEBUG[0m	WebSocket received data 13.982451 sec ago
2021-07-17T17:48:29.096+0800	[35mDEBUG[0m	Received Ping: 1626515309012
2021-07-17T17:48:29.096+0800	[35mDEBUG[0m	Respond  Pong: 1626515309012
2021-07-17T17:48:31.092+0800	[35mDEBUG[0m	Received Ping: 1626515311003
2021-07-17T17:48:31.092+0800	[35mDEBUG[0m	Respond  Pong: 1626515311003
2021-07-17T17:48:32.674+0800	[35mDEBUG[0m	WebSocket received data 1.581939 sec ago
2021-07-17T17:48:32.674+0800	[35mDEBUG[0m	WebSocket received data 3.578010 sec ago
2021-07-17T17:48:34.992+0800	[35mDEBUG[0m	WebSocket received data 5.895724 sec ago
2021-07-17T17:48:35.093+0800	[35mDEBUG[0m	WebSocket received data 4.001096 sec ago
2021-07-17T17:48:39.933+0800	[35mDEBUG[0m	WebSocket received data 10.836502 sec ago
2021-07-17T17:48:40.042+0800	[35mDEBUG[0m	WebSocket received data 8.949675 sec ago
2021-07-17T17:48:44.917+0800	[35mDEBUG[0m	WebSocket received data 15.820616 sec ago
2021-07-17T17:48:45.044+0800	[35mDEBUG[0m	WebSocket received data 13.951617 sec ago
2021-07-17T17:48:49.067+0800	[35mDEBUG[0m	Received Ping: 1626515329012
2021-07-17T17:48:49.107+0800	[35mDEBUG[0m	Respond  Pong: 1626515329012
2021-07-17T17:48:49.921+0800	[35mDEBUG[0m	WebSocket received data 0.853612 sec ago
2021-07-17T17:48:50.047+0800	[35mDEBUG[0m	WebSocket received data 18.954673 sec ago
2021-07-17T17:48:51.059+0800	[35mDEBUG[0m	Received Ping: 1626515331003
2021-07-17T17:48:51.060+0800	[35mDEBUG[0m	Respond  Pong: 1626515331003
2021-07-17T17:48:54.924+0800	[35mDEBUG[0m	WebSocket received data 5.856974 sec ago
2021-07-17T17:48:55.085+0800	[35mDEBUG[0m	WebSocket received data 4.026176 sec ago
2021-07-17T17:48:59.944+0800	[35mDEBUG[0m	WebSocket received data 10.876071 sec ago
2021-07-17T17:49:00.044+0800	[35mDEBUG[0m	WebSocket received data 8.984266 sec ago
2021-07-17T17:49:05.882+0800	[35mDEBUG[0m	WebSocket received data 14.821777 sec ago
2021-07-17T17:49:05.884+0800	[35mDEBUG[0m	WebSocket received data 16.816281 sec ago
2021-07-17T17:49:09.070+0800	[35mDEBUG[0m	Received Ping: 1626515349012
2021-07-17T17:49:09.070+0800	[35mDEBUG[0m	Respond  Pong: 1626515349012
2021-07-17T17:49:09.923+0800	[35mDEBUG[0m	WebSocket received data 0.853571 sec ago
2021-07-17T17:49:10.110+0800	[35mDEBUG[0m	WebSocket received data 19.050713 sec ago
2021-07-17T17:49:11.058+0800	[35mDEBUG[0m	Received Ping: 1626515351003
2021-07-17T17:49:11.058+0800	[35mDEBUG[0m	Respond  Pong: 1626515351003
2021-07-17T17:49:23.103+0800	[35mDEBUG[0m	WebSocket received data 12.045403 sec ago
2021-07-17T17:49:23.103+0800	[35mDEBUG[0m	WebSocket received data 14.033579 sec ago
2021-07-17T17:49:24.917+0800	[35mDEBUG[0m	WebSocket received data 15.847113 sec ago
2021-07-17T17:49:25.046+0800	[35mDEBUG[0m	WebSocket received data 13.988551 sec ago
2021-07-17T17:49:29.066+0800	[35mDEBUG[0m	Received Ping: 1626515369012
2021-07-17T17:49:29.066+0800	[35mDEBUG[0m	Respond  Pong: 1626515369012
2021-07-17T17:49:29.925+0800	[35mDEBUG[0m	WebSocket received data 0.859879 sec ago
2021-07-17T17:49:30.053+0800	[35mDEBUG[0m	WebSocket received data 18.994535 sec ago
2021-07-17T17:49:31.060+0800	[35mDEBUG[0m	Received Ping: 1626515371003
2021-07-17T17:49:31.060+0800	[35mDEBUG[0m	Respond  Pong: 1626515371003
2021-07-17T17:49:34.932+0800	[35mDEBUG[0m	WebSocket received data 5.866374 sec ago
2021-07-17T17:49:35.045+0800	[35mDEBUG[0m	WebSocket received data 3.985239 sec ago
2021-07-17T17:49:39.932+0800	[35mDEBUG[0m	WebSocket received data 10.866557 sec ago
2021-07-17T17:49:40.055+0800	[35mDEBUG[0m	WebSocket received data 8.995329 sec ago
2021-07-17T17:49:48.904+0800	[35mDEBUG[0m	WebSocket received data 17.843729 sec ago
2021-07-17T17:49:49.055+0800	[35mDEBUG[0m	WebSocket received data 19.857299 sec ago
2021-07-17T17:49:49.098+0800	[35mDEBUG[0m	Received Ping: 1626515389012
2021-07-17T17:49:49.099+0800	[35mDEBUG[0m	Respond  Pong: 1626515389012
2021-07-17T17:49:49.930+0800	[35mDEBUG[0m	WebSocket received data 0.831860 sec ago
2021-07-17T17:49:50.074+0800	[35mDEBUG[0m	WebSocket received data 19.013833 sec ago
2021-07-17T17:49:51.063+0800	[35mDEBUG[0m	Received Ping: 1626515391003
2021-07-17T17:49:51.064+0800	[35mDEBUG[0m	Respond  Pong: 1626515391003
2021-07-17T17:49:54.922+0800	[35mDEBUG[0m	WebSocket received data 5.823826 sec ago
2021-07-17T17:49:55.057+0800	[35mDEBUG[0m	WebSocket received data 3.993526 sec ago
2021-07-17T17:49:59.922+0800	[35mDEBUG[0m	WebSocket received data 10.823653 sec ago
2021-07-17T17:50:00.079+0800	[35mDEBUG[0m	WebSocket received data 9.015956 sec ago
2021-07-17T17:50:04.918+0800	[35mDEBUG[0m	WebSocket received data 15.819262 sec ago
2021-07-17T17:50:05.104+0800	[35mDEBUG[0m	WebSocket received data 14.040201 sec ago
2021-07-17T17:50:09.070+0800	[35mDEBUG[0m	Received Ping: 1626515409012
2021-07-17T17:50:09.074+0800	[35mDEBUG[0m	Respond  Pong: 1626515409012
2021-07-17T17:50:09.937+0800	[35mDEBUG[0m	WebSocket received data 0.866715 sec ago
2021-07-17T17:50:10.188+0800	[35mDEBUG[0m	WebSocket received data 19.124819 sec ago
2021-07-17T17:50:11.088+0800	[35mDEBUG[0m	Received Ping: 1626515411003
2021-07-17T17:50:11.088+0800	[35mDEBUG[0m	Respond  Pong: 1626515411003
2021-07-17T17:50:15.078+0800	[35mDEBUG[0m	WebSocket received data 3.990322 sec ago
2021-07-17T17:50:15.078+0800	[35mDEBUG[0m	WebSocket received data 6.008402 sec ago
2021-07-17T17:50:20.053+0800	[35mDEBUG[0m	WebSocket received data 8.965412 sec ago
2021-07-17T17:50:20.054+0800	[35mDEBUG[0m	WebSocket received data 10.983529 sec ago
2021-07-17T17:50:25.092+0800	[35mDEBUG[0m	WebSocket received data 14.003463 sec ago
2021-07-17T17:50:25.092+0800	[35mDEBUG[0m	WebSocket received data 16.021804 sec ago
2021-07-17T17:50:29.097+0800	[35mDEBUG[0m	Received Ping: 1626515429012
2021-07-17T17:50:29.382+0800	[35mDEBUG[0m	Respond  Pong: 1626515429012
2021-07-17T17:50:30.693+0800	[35mDEBUG[0m	WebSocket received data 1.595671 sec ago
2021-07-17T17:50:30.693+0800	[35mDEBUG[0m	WebSocket received data 19.604495 sec ago
2021-07-17T17:50:31.163+0800	[35mDEBUG[0m	Received Ping: 1626515431003
2021-07-17T17:50:31.163+0800	[35mDEBUG[0m	Respond  Pong: 1626515431003
2021-07-17T17:50:34.924+0800	[35mDEBUG[0m	WebSocket received data 5.826737 sec ago
2021-07-17T17:50:35.065+0800	[35mDEBUG[0m	WebSocket received data 3.902022 sec ago
2021-07-17T17:50:40.030+0800	[35mDEBUG[0m	WebSocket received data 10.932622 sec ago
2021-07-17T17:50:40.058+0800	[35mDEBUG[0m	WebSocket received data 8.894691 sec ago
2021-07-17T17:50:44.980+0800	[35mDEBUG[0m	WebSocket received data 15.883020 sec ago
2021-07-17T17:50:45.068+0800	[35mDEBUG[0m	WebSocket received data 13.905033 sec ago
2021-07-17T17:50:49.093+0800	[35mDEBUG[0m	Received Ping: 1626515449012
2021-07-17T17:50:49.093+0800	[35mDEBUG[0m	Respond  Pong: 1626515449012
2021-07-17T17:50:50.264+0800	[35mDEBUG[0m	WebSocket received data 19.101459 sec ago
2021-07-17T17:50:50.265+0800	[35mDEBUG[0m	WebSocket received data 1.171261 sec ago
2021-07-17T17:50:51.125+0800	[35mDEBUG[0m	Received Ping: 1626515451003
2021-07-17T17:50:51.125+0800	[35mDEBUG[0m	Respond  Pong: 1626515451003
2021-07-17T17:50:54.940+0800	[35mDEBUG[0m	WebSocket received data 5.846841 sec ago
2021-07-17T17:50:55.676+0800	[35mDEBUG[0m	WebSocket received data 4.550982 sec ago
2021-07-17T17:51:00.339+0800	[35mDEBUG[0m	WebSocket received data 9.214248 sec ago
2021-07-17T17:51:00.340+0800	[35mDEBUG[0m	WebSocket received data 11.246153 sec ago
2021-07-17T17:51:04.923+0800	[35mDEBUG[0m	WebSocket received data 15.829772 sec ago
2021-07-17T17:51:05.082+0800	[35mDEBUG[0m	WebSocket received data 13.956549 sec ago
2021-07-17T17:51:09.393+0800	[35mDEBUG[0m	Received Ping: 1626515469012
2021-07-17T17:51:09.393+0800	[35mDEBUG[0m	Respond  Pong: 1626515469012
2021-07-17T17:51:10.136+0800	[35mDEBUG[0m	WebSocket received data 19.011032 sec ago
2021-07-17T17:51:10.137+0800	[35mDEBUG[0m	WebSocket received data 0.743771 sec ago
2021-07-17T17:51:11.070+0800	[35mDEBUG[0m	Received Ping: 1626515471003
2021-07-17T17:51:11.070+0800	[35mDEBUG[0m	Respond  Pong: 1626515471003
2021-07-17T17:51:14.990+0800	[35mDEBUG[0m	WebSocket received data 5.597433 sec ago
2021-07-17T17:51:15.353+0800	[35mDEBUG[0m	WebSocket received data 4.283526 sec ago
2021-07-17T17:51:19.967+0800	[35mDEBUG[0m	WebSocket received data 10.574225 sec ago
2021-07-17T17:51:20.049+0800	[35mDEBUG[0m	WebSocket received data 8.978619 sec ago
2021-07-17T17:51:24.970+0800	[35mDEBUG[0m	WebSocket received data 15.576640 sec ago
2021-07-17T17:51:25.132+0800	[35mDEBUG[0m	WebSocket received data 14.062067 sec ago
2021-07-17T17:51:29.099+0800	[35mDEBUG[0m	Received Ping: 1626515489012
2021-07-17T17:51:29.099+0800	[35mDEBUG[0m	Respond  Pong: 1626515489012
2021-07-17T17:51:29.919+0800	[35mDEBUG[0m	WebSocket received data 0.819896 sec ago
2021-07-17T17:51:30.056+0800	[35mDEBUG[0m	WebSocket received data 18.985696 sec ago
2021-07-17T17:51:31.070+0800	[35mDEBUG[0m	Received Ping: 1626515491003
2021-07-17T17:51:31.070+0800	[35mDEBUG[0m	Respond  Pong: 1626515491003
2021-07-17T17:51:34.956+0800	[35mDEBUG[0m	WebSocket received data 5.857155 sec ago
2021-07-17T17:51:35.067+0800	[35mDEBUG[0m	WebSocket received data 3.997406 sec ago
2021-07-17T17:51:39.973+0800	[35mDEBUG[0m	WebSocket received data 10.874432 sec ago
2021-07-17T17:51:40.287+0800	[35mDEBUG[0m	WebSocket received data 9.217063 sec ago
2021-07-17T17:51:44.935+0800	[35mDEBUG[0m	WebSocket received data 15.835883 sec ago
2021-07-17T17:51:45.055+0800	[35mDEBUG[0m	WebSocket received data 13.985403 sec ago
2021-07-17T17:51:49.096+0800	[35mDEBUG[0m	Received Ping: 1626515509012
2021-07-17T17:51:49.096+0800	[35mDEBUG[0m	Respond  Pong: 1626515509012
2021-07-17T17:51:49.928+0800	[35mDEBUG[0m	WebSocket received data 0.831818 sec ago
2021-07-17T17:51:50.059+0800	[35mDEBUG[0m	WebSocket received data 18.989208 sec ago
2021-07-17T17:51:51.071+0800	[35mDEBUG[0m	Received Ping: 1626515511003
2021-07-17T17:51:51.072+0800	[35mDEBUG[0m	Respond  Pong: 1626515511003
2021-07-17T17:51:55.763+0800	[35mDEBUG[0m	WebSocket received data 4.693503 sec ago
2021-07-17T17:51:55.763+0800	[35mDEBUG[0m	WebSocket received data 6.666767 sec ago
2021-07-17T17:52:02.936+0800	[35mDEBUG[0m	WebSocket received data 13.839982 sec ago
2021-07-17T17:52:02.936+0800	[35mDEBUG[0m	WebSocket received data 11.866866 sec ago
2021-07-17T17:52:05.371+0800	[35mDEBUG[0m	WebSocket received data 14.301496 sec ago
2021-07-17T17:52:05.525+0800	[35mDEBUG[0m	WebSocket received data 16.428789 sec ago
2021-07-17T17:52:13.848+0800	[35mDEBUG[0m	Received Ping: 1626515531003
2021-07-17T17:52:13.848+0800	[35mDEBUG[0m	Respond  Pong: 1626515531003
2021-07-17T17:52:14.393+0800	[35mDEBUG[0m	Received Ping: 1626515529012
2021-07-17T17:52:14.393+0800	[35mDEBUG[0m	Respond  Pong: 1626515529012
2021-07-17T17:52:31.053+0800	[35mDEBUG[0m	Received Ping: 1626515549012
2021-07-17T17:52:32.102+0800	[35mDEBUG[0m	Received Ping: 1626515551003
2021-07-17T17:52:32.175+0800	[35mDEBUG[0m	Respond  Pong: 1626515551003
2021-07-17T17:52:35.089+0800	[35mDEBUG[0m	Respond  Pong: 1626515549012
2021-07-17T17:52:42.092+0800	[35mDEBUG[0m	WebSocket received data 11.039331 sec ago
2021-07-17T17:52:42.092+0800	[35mDEBUG[0m	WebSocket received data 9.990306 sec ago
2021-07-17T17:52:49.247+0800	[35mDEBUG[0m	Received Ping: 1626515569012
2021-07-17T17:52:49.247+0800	[35mDEBUG[0m	Respond  Pong: 1626515569012
2021-07-17T17:52:51.737+0800	[35mDEBUG[0m	Received Ping: 1626515571003
2021-07-17T17:52:51.737+0800	[35mDEBUG[0m	Respond  Pong: 1626515571003
2021-07-17T17:52:57.789+0800	[35mDEBUG[0m	WebSocket received data 8.543986 sec ago
2021-07-17T17:52:57.789+0800	[35mDEBUG[0m	WebSocket received data 6.052128 sec ago
2021-07-17T17:53:09.269+0800	[35mDEBUG[0m	Received Ping: 1626515589012
2021-07-17T17:53:09.389+0800	[35mDEBUG[0m	Respond  Pong: 1626515589012
2021-07-17T17:53:11.145+0800	[35mDEBUG[0m	Received Ping: 1626515591003
2021-07-17T17:53:11.145+0800	[35mDEBUG[0m	Respond  Pong: 1626515591003
2021-07-17T17:53:29.959+0800	[35mDEBUG[0m	Received Ping: 1626515609012
2021-07-17T17:53:29.959+0800	[35mDEBUG[0m	Respond  Pong: 1626515609012
2021-07-17T17:53:31.967+0800	[35mDEBUG[0m	Received Ping: 1626515611003
2021-07-17T17:53:31.967+0800	[35mDEBUG[0m	Respond  Pong: 1626515611003
2021-07-17T17:53:34.427+0800	[35mDEBUG[0m	WebSocket received data 4.468079 sec ago
2021-07-17T17:53:34.427+0800	[35mDEBUG[0m	WebSocket received data 2.460206 sec ago
2021-07-17T17:53:34.930+0800	[35mDEBUG[0m	WebSocket received data 4.971418 sec ago
2021-07-17T17:53:35.052+0800	[35mDEBUG[0m	WebSocket received data 3.085240 sec ago
2021-07-17T17:53:40.848+0800	[35mDEBUG[0m	WebSocket received data 8.881344 sec ago
2021-07-17T17:53:40.874+0800	[35mDEBUG[0m	WebSocket received data 10.915444 sec ago
2021-07-17T17:53:44.935+0800	[35mDEBUG[0m	WebSocket received data 14.976024 sec ago
2021-07-17T17:53:45.103+0800	[35mDEBUG[0m	WebSocket received data 13.135781 sec ago
2021-07-17T17:53:49.282+0800	[35mDEBUG[0m	Received Ping: 1626515629012
2021-07-17T17:53:49.282+0800	[35mDEBUG[0m	Respond  Pong: 1626515629012
2021-07-17T17:53:49.921+0800	[35mDEBUG[0m	WebSocket received data 0.639218 sec ago
2021-07-17T17:53:50.068+0800	[35mDEBUG[0m	WebSocket received data 18.100998 sec ago
2021-07-17T17:53:51.172+0800	[35mDEBUG[0m	Received Ping: 1626515631003
2021-07-17T17:53:51.172+0800	[35mDEBUG[0m	Respond  Pong: 1626515631003
2021-07-17T17:53:54.929+0800	[35mDEBUG[0m	WebSocket received data 5.647620 sec ago
2021-07-17T17:53:55.099+0800	[35mDEBUG[0m	WebSocket received data 3.926788 sec ago
2021-07-17T17:53:59.955+0800	[35mDEBUG[0m	WebSocket received data 10.672772 sec ago
2021-07-17T17:54:00.067+0800	[35mDEBUG[0m	WebSocket received data 8.894836 sec ago
2021-07-17T17:54:04.923+0800	[35mDEBUG[0m	WebSocket received data 15.640814 sec ago
2021-07-17T17:54:05.130+0800	[35mDEBUG[0m	WebSocket received data 13.958043 sec ago
2021-07-17T17:54:09.070+0800	[35mDEBUG[0m	Received Ping: 1626515649012
2021-07-17T17:54:09.126+0800	[35mDEBUG[0m	Respond  Pong: 1626515649012
2021-07-17T17:54:09.951+0800	[35mDEBUG[0m	WebSocket received data 0.881157 sec ago
2021-07-17T17:54:10.054+0800	[35mDEBUG[0m	WebSocket received data 18.881704 sec ago
2021-07-17T17:54:15.052+0800	[35mDEBUG[0m	WebSocket received data 23.880037 sec ago
2021-07-17T17:54:15.063+0800	[35mDEBUG[0m	WebSocket received data 5.993009 sec ago
2021-07-17T17:54:16.807+0800	[35mDEBUG[0m	Received Ping: 1626515651003
2021-07-17T17:54:16.808+0800	[35mDEBUG[0m	Respond  Pong: 1626515651003
2021-07-17T17:54:20.500+0800	[35mDEBUG[0m	WebSocket received data 3.692449 sec ago
2021-07-17T17:54:20.506+0800	[35mDEBUG[0m	WebSocket received data 11.435458 sec ago
2021-07-17T17:54:24.925+0800	[35mDEBUG[0m	WebSocket received data 15.855086 sec ago
2021-07-17T17:54:25.195+0800	[35mDEBUG[0m	WebSocket received data 8.387195 sec ago
2021-07-17T17:54:29.120+0800	[35mDEBUG[0m	Received Ping: 1626515669012
2021-07-17T17:54:29.120+0800	[35mDEBUG[0m	Respond  Pong: 1626515669012
2021-07-17T17:54:29.933+0800	[35mDEBUG[0m	WebSocket received data 0.813174 sec ago
2021-07-17T17:54:30.061+0800	[35mDEBUG[0m	WebSocket received data 13.253984 sec ago
2021-07-17T17:54:31.102+0800	[35mDEBUG[0m	Received Ping: 1626515671003
2021-07-17T17:54:31.392+0800	[35mDEBUG[0m	Respond  Pong: 1626515671003
2021-07-17T17:54:34.930+0800	[35mDEBUG[0m	WebSocket received data 5.810289 sec ago
2021-07-17T17:54:35.068+0800	[35mDEBUG[0m	WebSocket received data 3.966219 sec ago
2021-07-17T17:54:39.930+0800	[35mDEBUG[0m	WebSocket received data 10.810424 sec ago
2021-07-17T17:54:40.051+0800	[35mDEBUG[0m	WebSocket received data 8.948844 sec ago
2021-07-17T18:11:08.399+0800	[35mDEBUG[0m	Received Ping: 1626515689012
2021-07-17T18:11:08.424+0800	[31mERROR[0m	WebSocket sent error: data={"action": "pong", "data": { "ts": 1626515689012 } }, error=write tcp 192.168.200.99:62537->104.16.230.188:443: write: broken pipe
2021-07-17T18:11:08.951+0800	[35mDEBUG[0m	Received Ping: 1626515691003
2021-07-17T18:11:08.957+0800	[31mERROR[0m	WebSocket sent error: data={"action": "pong", "data": { "ts": 1626515691003 } }, error=write tcp 192.168.200.99:62538->104.16.230.188:443: write: broken pipe
2021-07-17T18:11:08.957+0800	[35mDEBUG[0m	Respond  Pong: 1626515691003
2021-07-17T18:11:08.959+0800	[35mDEBUG[0m	Received Ping: 1626515711003
2021-07-17T18:11:08.959+0800	[31mERROR[0m	WebSocket sent error: data={"action": "pong", "data": { "ts": 1626515711003 } }, error=write tcp 192.168.200.99:62538->104.16.230.188:443: write: broken pipe
2021-07-17T18:11:08.959+0800	[35mDEBUG[0m	Respond  Pong: 1626515711003
2021-07-17T18:11:08.959+0800	[35mDEBUG[0m	Received Ping: 1626515731003
2021-07-17T18:11:08.959+0800	[31mERROR[0m	WebSocket sent error: data={"action": "pong", "data": { "ts": 1626515731003 } }, error=write tcp 192.168.200.99:62538->104.16.230.188:443: write: broken pipe
2021-07-17T18:11:08.959+0800	[35mDEBUG[0m	Respond  Pong: 1626515731003
2021-07-17T18:11:08.963+0800	[31mERROR[0m	Read error: websocket: close 1000 (normal)
2021-07-17T18:11:08.426+0800	[35mDEBUG[0m	Respond  Pong: 1626515689012
2021-07-17T18:11:09.412+0800	[35mDEBUG[0m	Received Ping: 1626515709012
2021-07-17T18:11:09.412+0800	[31mERROR[0m	WebSocket sent error: data={"action": "pong", "data": { "ts": 1626515709012 } }, error=write tcp 192.168.200.99:62537->104.16.230.188:443: write: broken pipe
2021-07-17T18:11:09.412+0800	[35mDEBUG[0m	Respond  Pong: 1626515709012
2021-07-17T18:11:09.413+0800	[35mDEBUG[0m	Received Ping: 1626515729012
2021-07-17T18:11:09.413+0800	[31mERROR[0m	WebSocket sent error: data={"action": "pong", "data": { "ts": 1626515729012 } }, error=write tcp 192.168.200.99:62537->104.16.230.188:443: write: broken pipe
2021-07-17T18:11:09.413+0800	[35mDEBUG[0m	Respond  Pong: 1626515729012
2021-07-17T18:11:09.499+0800	[31mERROR[0m	Read error: websocket: close 1000 (normal)
2021-07-17T18:11:13.980+0800	[31mERROR[0m	Read error: websocket: close 1000 (normal)
2021-07-17T18:11:14.514+0800	[31mERROR[0m	Read error: websocket: close 1000 (normal)
2021-07-17T18:11:18.984+0800	[31mERROR[0m	Read error: websocket: close 1000 (normal)
2021-07-17T18:11:19.521+0800	[31mERROR[0m	Read error: websocket: close 1000 (normal)
2021-07-17T18:11:23.994+0800	[31mERROR[0m	Read error: websocket: close 1000 (normal)
2021-07-17T18:11:24.538+0800	[31mERROR[0m	Read error: websocket: close 1000 (normal)
2021-07-17T18:11:29.041+0800	[31mERROR[0m	Read error: websocket: close 1000 (normal)
2021-07-17T18:11:29.559+0800	[31mERROR[0m	Read error: websocket: close 1000 (normal)
2021-07-17T18:11:34.112+0800	[31mERROR[0m	Read error: websocket: close 1000 (normal)
2021-07-17T18:11:34.563+0800	[31mERROR[0m	Read error: websocket: close 1000 (normal)
2021-07-17T18:11:39.212+0800	[31mERROR[0m	Read error: websocket: close 1000 (normal)
2021-07-17T18:11:39.685+0800	[31mERROR[0m	Read error: websocket: close 1000 (normal)
2021-07-17T18:11:44.259+0800	[31mERROR[0m	Read error: websocket: close 1000 (normal)
2021-07-17T18:11:44.723+0800	[31mERROR[0m	Read error: websocket: close 1000 (normal)
2021-07-17T18:11:50.573+0800	[31mERROR[0m	Read error: websocket: close 1000 (normal)
2021-07-17T18:11:50.597+0800	[31mERROR[0m	Read error: websocket: close 1000 (normal)
2021-07-17T18:11:55.582+0800	[31mERROR[0m	Read error: websocket: close 1000 (normal)
2021-07-17T18:11:55.604+0800	[31mERROR[0m	Read error: websocket: close 1000 (normal)
2021-07-17T18:12:00.596+0800	[31mERROR[0m	Read error: websocket: close 1000 (normal)
2021-07-17T18:12:00.669+0800	[31mERROR[0m	Read error: websocket: close 1000 (normal)
2021-07-17T18:12:05.676+0800	[31mERROR[0m	Read error: websocket: close 1000 (normal)
2021-07-17T18:12:05.697+0800	[31mERROR[0m	Read error: websocket: close 1000 (normal)
2021-07-17T18:12:10.779+0800	[31mERROR[0m	Read error: websocket: close 1000 (normal)
2021-07-17T18:12:10.779+0800	[31mERROR[0m	Read error: websocket: close 1000 (normal)
2021-07-17T18:12:15.800+0800	[31mERROR[0m	Read error: websocket: close 1000 (normal)
2021-07-17T18:12:15.971+0800	[31mERROR[0m	Read error: websocket: close 1000 (normal)
2021-07-17T18:12:20.971+0800	[31mERROR[0m	Read error: websocket: close 1000 (normal)
2021-07-17T18:12:21.082+0800	[31mERROR[0m	Read error: websocket: close 1000 (normal)
2021-07-17T18:12:26.078+0800	[31mERROR[0m	Read error: websocket: close 1000 (normal)
2021-07-17T18:12:26.087+0800	[31mERROR[0m	Read error: websocket: close 1000 (normal)
2021-07-17T18:12:31.298+0800	[31mERROR[0m	Read error: websocket: close 1000 (normal)
2021-07-17T18:12:31.317+0800	[31mERROR[0m	Read error: websocket: close 1000 (normal)
2021-07-17T18:12:36.316+0800	[31mERROR[0m	Read error: websocket: close 1000 (normal)
2021-07-17T18:12:36.327+0800	[31mERROR[0m	Read error: websocket: close 1000 (normal)
2021-07-17T18:12:41.622+0800	[31mERROR[0m	Read error: websocket: close 1000 (normal)
2021-07-17T18:12:41.643+0800	[31mERROR[0m	Read error: websocket: close 1000 (normal)
2021-07-17T18:12:46.628+0800	[31mERROR[0m	Read error: websocket: close 1000 (normal)
2021-07-17T18:12:46.651+0800	[31mERROR[0m	Read error: websocket: close 1000 (normal)
2021-07-17T18:12:51.788+0800	[31mERROR[0m	Read error: websocket: close 1000 (normal)
2021-07-17T18:12:52.421+0800	[31mERROR[0m	Read error: websocket: close 1000 (normal)
2021-07-17T18:12:56.796+0800	[31mERROR[0m	Read error: websocket: close 1000 (normal)
2021-07-17T18:12:57.426+0800	[31mERROR[0m	Read error: websocket: close 1000 (normal)
2021-07-17T18:13:45.749+0800	[31mERROR[0m	Read error: websocket: close 1000 (normal)
2021-07-17T18:13:45.798+0800	[31mERROR[0m	Read error: websocket: close 1000 (normal)
2021-07-17T18:13:51.253+0800	[31mERROR[0m	Read error: websocket: close 1000 (normal)
2021-07-17T18:13:51.261+0800	[31mERROR[0m	Read error: websocket: close 1000 (normal)
2021-07-17T18:13:56.559+0800	[31mERROR[0m	Read error: websocket: close 1000 (normal)
2021-07-17T18:13:56.584+0800	[31mERROR[0m	Read error: websocket: close 1000 (normal)
2021-07-17T18:14:01.719+0800	[31mERROR[0m	Read error: websocket: close 1000 (normal)
2021-07-17T18:14:01.719+0800	[31mERROR[0m	Read error: websocket: close 1000 (normal)
2021-07-17T18:14:06.721+0800	[31mERROR[0m	Read error: websocket: close 1000 (normal)
2021-07-17T18:14:06.742+0800	[31mERROR[0m	Read error: websocket: close 1000 (normal)
2021-07-17T18:14:12.559+0800	[31mERROR[0m	Read error: websocket: close 1000 (normal)
2021-07-17T18:14:12.348+0800	[31mERROR[0m	Read error: websocket: close 1000 (normal)
2021-07-17T18:14:18.687+0800	[31mERROR[0m	Read error: websocket: close 1000 (normal)
2021-07-17T18:14:18.864+0800	[31mERROR[0m	Read error: websocket: close 1000 (normal)
2021-07-17T18:14:23.718+0800	[31mERROR[0m	Read error: websocket: close 1000 (normal)
2021-07-17T18:14:23.871+0800	[31mERROR[0m	Read error: websocket: close 1000 (normal)
2021-07-17T18:14:28.778+0800	[31mERROR[0m	Read error: websocket: close 1000 (normal)
2021-07-17T18:14:29.066+0800	[31mERROR[0m	Read error: websocket: close 1000 (normal)
2021-07-17T18:14:33.784+0800	[31mERROR[0m	Read error: websocket: close 1000 (normal)
2021-07-17T18:14:34.077+0800	[31mERROR[0m	Read error: websocket: close 1000 (normal)
2021-07-17T18:14:38.791+0800	[31mERROR[0m	Read error: websocket: close 1000 (normal)
2021-07-17T18:14:39.083+0800	[31mERROR[0m	Read error: websocket: close 1000 (normal)
2021-07-17T18:14:44.218+0800	[31mERROR[0m	Read error: websocket: close 1000 (normal)
2021-07-17T18:14:44.218+0800	[31mERROR[0m	Read error: websocket: close 1000 (normal)
2021-07-17T18:14:49.310+0800	[31mERROR[0m	Read error: websocket: close 1000 (normal)
2021-07-17T18:14:49.376+0800	[31mERROR[0m	Read error: websocket: close 1000 (normal)
2021-07-17T18:14:54.323+0800	[31mERROR[0m	Read error: websocket: close 1000 (normal)
2021-07-17T18:14:54.385+0800	[31mERROR[0m	Read error: websocket: close 1000 (normal)
2021-07-17T18:14:59.331+0800	[31mERROR[0m	Read error: websocket: close 1000 (normal)
2021-07-17T18:14:59.386+0800	[31mERROR[0m	Read error: websocket: close 1000 (normal)
2021-07-17T18:15:04.400+0800	[31mERROR[0m	Read error: websocket: close 1000 (normal)
2021-07-17T18:15:04.400+0800	[31mERROR[0m	Read error: websocket: close 1000 (normal)
2021-07-17T18:15:09.416+0800	[31mERROR[0m	Read error: websocket: close 1000 (normal)
2021-07-17T18:15:09.585+0800	[31mERROR[0m	Read error: websocket: close 1000 (normal)
2021-07-17T18:15:14.764+0800	[31mERROR[0m	Read error: websocket: close 1000 (normal)
2021-07-17T18:15:14.880+0800	[31mERROR[0m	Read error: websocket: close 1000 (normal)
2021-07-17T18:15:19.807+0800	[31mERROR[0m	Read error: websocket: close 1000 (normal)
2021-07-17T18:15:19.912+0800	[31mERROR[0m	Read error: websocket: close 1000 (normal)
2021-07-17T18:15:24.812+0800	[31mERROR[0m	Read error: websocket: close 1000 (normal)
2021-07-17T18:15:24.924+0800	[31mERROR[0m	Read error: websocket: close 1000 (normal)
2021-07-17T18:15:29.813+0800	[31mERROR[0m	Read error: websocket: close 1000 (normal)
2021-07-17T18:15:29.942+0800	[31mERROR[0m	Read error: websocket: close 1000 (normal)
2021-07-17T18:15:34.833+0800	[31mERROR[0m	Read error: websocket: close 1000 (normal)
2021-07-17T18:15:34.946+0800	[31mERROR[0m	Read error: websocket: close 1000 (normal)
2021-07-17T18:15:39.850+0800	[31mERROR[0m	Read error: websocket: close 1000 (normal)
2021-07-17T18:15:39.947+0800	[31mERROR[0m	Read error: websocket: close 1000 (normal)
2021-07-17T18:15:44.857+0800	[31mERROR[0m	Read error: websocket: close 1000 (normal)
2021-07-17T18:15:44.953+0800	[31mERROR[0m	Read error: websocket: close 1000 (normal)
2021-07-17T18:15:49.935+0800	[31mERROR[0m	Read error: websocket: close 1000 (normal)
2021-07-17T18:15:49.958+0800	[31mERROR[0m	Read error: websocket: close 1000 (normal)
2021-07-17T18:15:54.937+0800	[31mERROR[0m	Read error: websocket: close 1000 (normal)
2021-07-17T18:15:54.964+0800	[31mERROR[0m	Read error: websocket: close 1000 (normal)
2021-07-17T18:15:59.983+0800	[31mERROR[0m	Read error: websocket: close 1000 (normal)
2021-07-17T18:15:59.983+0800	[31mERROR[0m	Read error: websocket: close 1000 (normal)
2021-07-17T18:16:05.012+0800	[31mERROR[0m	Read error: websocket: close 1000 (normal)
2021-07-17T18:16:05.060+0800	[31mERROR[0m	Read error: websocket: close 1000 (normal)
2021-07-17T18:16:10.017+0800	[31mERROR[0m	Read error: websocket: close 1000 (normal)
2021-07-17T18:16:10.062+0800	[31mERROR[0m	Read error: websocket: close 1000 (normal)
2021-07-17T18:16:15.028+0800	[31mERROR[0m	Read error: websocket: close 1000 (normal)
2021-07-17T18:16:15.074+0800	[31mERROR[0m	Read error: websocket: close 1000 (normal)
2021-07-17T18:16:20.144+0800	[31mERROR[0m	Read error: websocket: close 1000 (normal)
2021-07-17T18:16:20.164+0800	[31mERROR[0m	Read error: websocket: close 1000 (normal)
2021-07-17T18:16:25.168+0800	[31mERROR[0m	Read error: websocket: close 1000 (normal)
2021-07-17T18:16:25.168+0800	[31mERROR[0m	Read error: websocket: close 1000 (normal)
2021-07-17T18:16:30.180+0800	[31mERROR[0m	Read error: websocket: close 1000 (normal)
2021-07-17T18:16:30.200+0800	[31mERROR[0m	Read error: websocket: close 1000 (normal)
2021-07-17T18:16:35.317+0800	[31mERROR[0m	Read error: websocket: close 1000 (normal)
2021-07-17T18:16:35.344+0800	[31mERROR[0m	Read error: websocket: close 1000 (normal)
2021-07-17T18:16:40.561+0800	[31mERROR[0m	Read error: websocket: close 1000 (normal)
2021-07-17T18:16:40.605+0800	[31mERROR[0m	Read error: websocket: close 1000 (normal)
2021-07-17T18:16:41.815+0800	[35mDEBUG[0m	WebSocket received data 331.445452 sec ago
2021-07-17T18:16:41.815+0800	[34mINFO[0m	WebSocket reconnect...
2021-07-17T18:16:41.897+0800	[35mDEBUG[0m	WebSocket received data 332.071750 sec ago
2021-07-17T18:16:41.897+0800	[34mINFO[0m	WebSocket reconnect...
2021-07-17T18:16:41.897+0800	[35mDEBUG[0m	WebSocket disconnecting...
2021-07-17T18:16:41.815+0800	[35mDEBUG[0m	WebSocket disconnecting...
2021-07-17T18:16:44.741+0800	[31mERROR[0m	WebSocket disconnect error: tls: failed to send closeNotify alert (but connection was closed anyway): write tcp 192.168.200.99:62537->104.16.230.188:443: write: broken pipe
2021-07-17T18:16:44.846+0800	[31mERROR[0m	WebSocket disconnect error: tls: failed to send closeNotify alert (but connection was closed anyway): write tcp 192.168.200.99:62538->104.16.230.188:443: write: broken pipe
2021-07-17T18:16:44.846+0800	[35mDEBUG[0m	WebSocket connecting...
2021-07-17T18:16:45.017+0800	[35mDEBUG[0m	WebSocket connecting...
2021-07-17T18:16:46.640+0800	[35mDEBUG[0m	readLoop stopped
2021-07-17T18:16:46.397+0800	[35mDEBUG[0m	readLoop stopped
2021-07-17T18:16:53.077+0800	[34mINFO[0m	WebSocket connected
2021-07-17T18:16:53.128+0800	[34mINFO[0m	WebSocket connected
2021-07-17T18:16:53.136+0800	[34mINFO[0m	WebSocket sent authentication
2021-07-17T18:16:53.141+0800	[35mDEBUG[0m	WebSocket received data 343.723631 sec ago
2021-07-17T18:16:53.141+0800	[34mINFO[0m	WebSocket reconnect...
2021-07-17T18:16:53.141+0800	[35mDEBUG[0m	WebSocket disconnecting...
2021-07-17T18:16:53.142+0800	[34mINFO[0m	WebSocket disconnected
2021-07-17T18:16:53.142+0800	[35mDEBUG[0m	WebSocket connecting...
2021-07-17T18:16:53.143+0800	[34mINFO[0m	WebSocket sent authentication
2021-07-17T18:16:53.145+0800	[35mDEBUG[0m	WebSocket received data 344.181185 sec ago
2021-07-17T18:16:53.145+0800	[34mINFO[0m	WebSocket reconnect...
2021-07-17T18:16:53.145+0800	[35mDEBUG[0m	WebSocket disconnecting...
2021-07-17T18:16:53.145+0800	[34mINFO[0m	WebSocket disconnected
2021-07-17T18:16:53.145+0800	[35mDEBUG[0m	WebSocket connecting...
2021-07-17T18:16:53.115+0800	[35mDEBUG[0m	readLoop started
2021-07-17T18:16:53.145+0800	[35mDEBUG[0m	readLoop stopped
2021-07-17T18:16:53.266+0800	[35mDEBUG[0m	readLoop started
2021-07-17T18:16:53.270+0800	[31mERROR[0m	Read error: read tcp 192.168.200.99:64578->104.16.231.188:443: use of closed network connection
2021-07-17T18:16:54.321+0800	[34mINFO[0m	WebSocket connected
2021-07-17T18:16:54.321+0800	[34mINFO[0m	WebSocket sent authentication
2021-07-17T18:16:54.323+0800	[35mDEBUG[0m	readLoop started
2021-07-17T18:16:54.504+0800	[34mINFO[0m	WebSocket connected
2021-07-17T18:16:54.504+0800	[34mINFO[0m	WebSocket sent authentication
2021-07-17T18:16:54.504+0800	[35mDEBUG[0m	readLoop started
2021-07-17T18:16:54.504+0800	[35mDEBUG[0m	readLoop stopped
2021-07-17T18:16:54.658+0800	[34mINFO[0m	WebSocket subscribed, channel=orders#dashusdt, clientId=1626514813
2021-07-17T18:16:54.972+0800	[35mDEBUG[0m	WebSocket received data 345.554783 sec ago
2021-07-17T18:16:54.972+0800	[34mINFO[0m	WebSocket reconnect...
2021-07-17T18:16:54.972+0800	[35mDEBUG[0m	WebSocket disconnecting...
2021-07-17T18:16:54.972+0800	[34mINFO[0m	WebSocket disconnected
2021-07-17T18:16:54.972+0800	[35mDEBUG[0m	WebSocket connecting...
2021-07-17T18:16:55.067+0800	[35mDEBUG[0m	WebSocket received data 0.039371 sec ago
2021-07-17T18:16:56.590+0800	[34mINFO[0m	WebSocket connected
2021-07-17T18:16:56.590+0800	[34mINFO[0m	WebSocket sent authentication
2021-07-17T18:16:56.591+0800	[35mDEBUG[0m	readLoop started
2021-07-17T18:16:56.971+0800	[35mDEBUG[0m	readLoop stopped
2021-07-17T18:16:58.288+0800	[34mINFO[0m	WebSocket subscribed, channel=trade.clearing#dashusdt, clientId=1626514813
2021-07-17T18:16:59.063+0800	[35mDEBUG[0m	Received Ping: 1626517018161
2021-07-17T18:16:59.063+0800	[35mDEBUG[0m	Respond  Pong: 1626517018161
2021-07-17T18:16:59.139+0800	[34mINFO[0m	Subscription TradeClear topic trade.clearing#dashusdt successfully
2021-07-17T18:17:00.054+0800	[35mDEBUG[0m	WebSocket received data 1.336445 sec ago
2021-07-17T18:17:00.087+0800	[35mDEBUG[0m	WebSocket received data 1.615574 sec ago
2021-07-17T18:17:02.386+0800	[35mDEBUG[0m	Received Ping: 1626517022218
2021-07-17T18:17:02.387+0800	[35mDEBUG[0m	Respond  Pong: 1626517022218
2021-07-17T18:17:04.988+0800	[35mDEBUG[0m	WebSocket received data 2.601541 sec ago
2021-07-17T18:17:05.089+0800	[35mDEBUG[0m	WebSocket received data 6.617061 sec ago
2021-07-17T18:17:09.961+0800	[35mDEBUG[0m	WebSocket received data 7.574289 sec ago
2021-07-17T18:17:10.105+0800	[35mDEBUG[0m	WebSocket received data 11.633559 sec ago
2021-07-17T18:17:14.957+0800	[35mDEBUG[0m	WebSocket received data 12.570556 sec ago
2021-07-17T18:17:15.191+0800	[35mDEBUG[0m	WebSocket received data 16.719544 sec ago
2021-07-17T18:17:18.306+0800	[35mDEBUG[0m	Received Ping: 1626517038161
2021-07-17T18:17:18.306+0800	[35mDEBUG[0m	Respond  Pong: 1626517038161
2021-07-17T18:17:19.942+0800	[35mDEBUG[0m	WebSocket received data 17.554999 sec ago
2021-07-17T18:17:20.077+0800	[35mDEBUG[0m	WebSocket received data 1.770741 sec ago
2021-07-17T18:17:22.343+0800	[35mDEBUG[0m	Received Ping: 1626517042218
2021-07-17T18:17:22.343+0800	[35mDEBUG[0m	Respond  Pong: 1626517042218
2021-07-17T18:17:24.968+0800	[35mDEBUG[0m	WebSocket received data 2.625560 sec ago
2021-07-17T18:17:25.070+0800	[35mDEBUG[0m	WebSocket received data 6.763608 sec ago
2021-07-17T18:17:29.955+0800	[35mDEBUG[0m	WebSocket received data 7.611836 sec ago
2021-07-17T18:17:30.088+0800	[35mDEBUG[0m	WebSocket received data 11.781655 sec ago
2021-07-17T18:17:34.957+0800	[35mDEBUG[0m	WebSocket received data 12.613619 sec ago
2021-07-17T18:17:35.085+0800	[35mDEBUG[0m	WebSocket received data 16.778810 sec ago
2021-07-17T18:17:38.247+0800	[35mDEBUG[0m	Received Ping: 1626517058161
2021-07-17T18:17:38.248+0800	[35mDEBUG[0m	Respond  Pong: 1626517058161
2021-07-17T18:17:39.945+0800	[35mDEBUG[0m	WebSocket received data 17.601660 sec ago
2021-07-17T18:17:40.101+0800	[35mDEBUG[0m	WebSocket received data 1.853415 sec ago
2021-07-17T18:17:42.395+0800	[35mDEBUG[0m	Received Ping: 1626517062218
2021-07-17T18:17:42.395+0800	[35mDEBUG[0m	Respond  Pong: 1626517062218
2021-07-17T18:17:44.953+0800	[35mDEBUG[0m	WebSocket received data 2.558162 sec ago
2021-07-17T18:17:45.079+0800	[35mDEBUG[0m	WebSocket received data 6.831328 sec ago
